[debug] [2023-10-09T08:43:41.591Z] ----------------------------------------------------------------------
[debug] [2023-10-09T08:43:41.593Z] Command:       C:\Program Files\nodejs\node.exe C:\Users\srw\AppData\Roaming\npm\node_modules\firebase-tools\lib\bin\firebase.js deploy
[debug] [2023-10-09T08:43:41.593Z] CLI Version:   12.6.2
[debug] [2023-10-09T08:43:41.594Z] Platform:      win32
[debug] [2023-10-09T08:43:41.594Z] Node Version:  v18.17.1
[debug] [2023-10-09T08:43:41.595Z] Time:          Mon Oct 09 2023 14:13:41 GMT+0530 (India Standard Time)
[debug] [2023-10-09T08:43:41.595Z] ----------------------------------------------------------------------
[debug] 
[debug] [2023-10-09T08:43:41.682Z] > command requires scopes: ["email","openid","https://www.googleapis.com/auth/cloudplatformprojects.readonly","https://www.googleapis.com/auth/firebase","https://www.googleapis.com/auth/cloud-platform"]
[debug] [2023-10-09T08:43:41.682Z] > authorizing via signed-in user (mail.grameencraft@gmail.com)
[debug] [2023-10-09T08:43:41.683Z] [iam] checking project grameencraft-c3e7f for permissions ["firebase.projects.get","firebasehosting.sites.update"]
[debug] [2023-10-09T08:43:41.685Z] >>> [apiv2][query] POST https://cloudresourcemanager.googleapis.com/v1/projects/grameencraft-c3e7f:testIamPermissions [none]
[debug] [2023-10-09T08:43:41.685Z] >>> [apiv2][(partial)header] POST https://cloudresourcemanager.googleapis.com/v1/projects/grameencraft-c3e7f:testIamPermissions x-goog-quota-user=projects/grameencraft-c3e7f
[debug] [2023-10-09T08:43:41.685Z] >>> [apiv2][body] POST https://cloudresourcemanager.googleapis.com/v1/projects/grameencraft-c3e7f:testIamPermissions {"permissions":["firebase.projects.get","firebasehosting.sites.update"]}
[debug] [2023-10-09T08:43:44.353Z] <<< [apiv2][status] POST https://cloudresourcemanager.googleapis.com/v1/projects/grameencraft-c3e7f:testIamPermissions 200
[debug] [2023-10-09T08:43:44.354Z] <<< [apiv2][body] POST https://cloudresourcemanager.googleapis.com/v1/projects/grameencraft-c3e7f:testIamPermissions {}
[debug] [2023-10-09T08:43:44.354Z] [iam] error while checking permissions, command may fail: FirebaseError: Authorization failed. This account is missing the following required permissions on project grameencraft-c3e7f:

  firebase.projects.get
  firebasehosting.sites.update
[debug] [2023-10-09T08:43:44.356Z] >>> [apiv2][query] GET https://firebase.googleapis.com/v1beta1/projects/grameencraft-c3e7f [none]
[debug] [2023-10-09T08:43:45.637Z] <<< [apiv2][status] GET https://firebase.googleapis.com/v1beta1/projects/grameencraft-c3e7f 403
[debug] [2023-10-09T08:43:45.638Z] <<< [apiv2][body] GET https://firebase.googleapis.com/v1beta1/projects/grameencraft-c3e7f {"error":{"code":403,"message":"The caller does not have permission","status":"PERMISSION_DENIED"}}
[debug] [2023-10-09T08:43:45.643Z] HTTP Error: 403, The caller does not have permission
[debug] [2023-10-09T08:43:45.875Z] FirebaseError: HTTP Error: 403, The caller does not have permission
    at responseToError (C:\Users\srw\AppData\Roaming\npm\node_modules\firebase-tools\lib\responseToError.js:49:12)
    at RetryOperation._fn (C:\Users\srw\AppData\Roaming\npm\node_modules\firebase-tools\lib\apiv2.js:285:77)
    at process.processTicksAndRejections (node:internal/process/task_queues:95:5)
[error] 
[error] Error: Failed to get Firebase project grameencraft-c3e7f. Please make sure the project exists and your account has permission to access it.
